[debug] [2020-07-09T16:27:36.135Z] ----------------------------------------------------------------------
[debug] [2020-07-09T16:27:36.138Z] Command:       C:\Program Files\nodejs\node.exe C:\Users\Kareem Soufan\AppData\Roaming\npm\node_modules\firebase-tools\lib\bin\firebase.js functions:shell
[debug] [2020-07-09T16:27:36.138Z] CLI Version:   8.5.0
[debug] [2020-07-09T16:27:36.138Z] Platform:      win32
[debug] [2020-07-09T16:27:36.138Z] Node Version:  v12.18.1
[debug] [2020-07-09T16:27:36.139Z] Time:          Thu Jul 09 2020 12:27:36 GMT-0400 (Eastern Daylight Time)
[debug] [2020-07-09T16:27:36.139Z] ----------------------------------------------------------------------
[debug] [2020-07-09T16:27:36.139Z] 
[debug] [2020-07-09T16:27:36.152Z] > command requires scopes: ["email","openid","https://www.googleapis.com/auth/cloudplatformprojects.readonly","https://www.googleapis.com/auth/firebase","https://www.googleapis.com/auth/cloud-platform"]
[debug] [2020-07-09T16:27:36.153Z] > authorizing via signed-in user
[debug] [2020-07-09T16:27:36.153Z] [iam] checking project telehealth09-app for permissions ["firebase.projects.get"]
[debug] [2020-07-09T16:27:36.157Z] >>> HTTP REQUEST POST https://cloudresourcemanager.googleapis.com/v1/projects/telehealth09-app:testIamPermissions  
 {"permissions":["firebase.projects.get"]}
[debug] [2020-07-09T16:27:36.478Z] <<< HTTP RESPONSE 200 {"content-type":"application/json; charset=UTF-8","vary":"X-Origin, Referer, Origin,Accept-Encoding","date":"Thu, 09 Jul 2020 16:27:35 GMT","server":"ESF","cache-control":"private","x-xss-protection":"0","x-frame-options":"SAMEORIGIN","x-content-type-options":"nosniff","server-timing":"gfet4t7; dur=112","alt-svc":"h3-29=\":443\"; ma=2592000,h3-27=\":443\"; ma=2592000,h3-25=\":443\"; ma=2592000,h3-T050=\":443\"; ma=2592000,h3-Q050=\":443\"; ma=2592000,h3-Q046=\":443\"; ma=2592000,h3-Q043=\":443\"; ma=2592000,quic=\":443\"; ma=2592000; v=\"46,43\"","accept-ranges":"none","transfer-encoding":"chunked"}
[warn] !  Your requested "node" version "10" doesn't match your global version "12" {"metadata":{"emulator":{"name":"functions"},"message":"Your requested \"node\" version \"10\" doesn't match your global version \"12\""}}
[debug] [2020-07-09T16:27:38.558Z] [functions] Watching "C:\Users\Kareem Soufan\Documents\TechPoint S.O.S\telehealth09-app\functions" for Cloud Functions...
[debug] [2020-07-09T16:27:38.580Z] DEBUG: [worker-pool] addWorker(~diagnostic~)
[debug] [2020-07-09T16:27:38.580Z] DEBUG: [worker-pool] Adding worker with key ~diagnostic~, total=1
[debug] [2020-07-09T16:27:38.580Z] DEBUG: [worker-pool] submitWork(triggerId=)
[debug] [2020-07-09T16:27:38.581Z] DEBUG: [worker-~diagnostic~-894a492a-59ce-4473-b90b-50f5722a0c51]: Assigning socketPath: \\?\pipe\C:\Users\Kareem Soufan\Documents\TechPoint S.O.S\telehealth09-app\functions\14128
[debug] [2020-07-09T16:27:38.581Z] DEBUG: [worker-~diagnostic~-894a492a-59ce-4473-b90b-50f5722a0c51]: BUSY
[debug] [2020-07-09T16:27:39.231Z] DEBUG: [runtime-status] [14128] Functions runtime initialized. {"cwd":"C:\\Users\\Kareem Soufan\\Documents\\TechPoint S.O.S\\telehealth09-app\\functions","node_version":"12.18.1"}
[debug] [2020-07-09T16:27:39.232Z] DEBUG: [runtime-status] [14128] Disabled runtime features: undefined
[debug] [2020-07-09T16:27:39.241Z] DEBUG: [runtime-status] [14128] Resolved module firebase-admin {"declared":true,"installed":true,"version":"8.13.0","resolution":"C:\\Users\\Kareem Soufan\\Documents\\TechPoint S.O.S\\telehealth09-app\\functions\\node_modules\\firebase-admin\\lib\\index.js"}
[debug] [2020-07-09T16:27:39.244Z] DEBUG: [runtime-status] [14128] Resolved module firebase-functions {"declared":true,"installed":true,"version":"3.7.0","resolution":"C:\\Users\\Kareem Soufan\\Documents\\TechPoint S.O.S\\telehealth09-app\\functions\\node_modules\\firebase-functions\\lib\\index.js"}
[debug] [2020-07-09T16:27:39.247Z] DEBUG: [runtime-status] [14128] Outgoing network have been stubbed. [{"name":"http","status":"mocked"},{"name":"http","status":"mocked"},{"name":"https","status":"mocked"},{"name":"https","status":"mocked"},{"name":"net","status":"mocked"}]
[debug] [2020-07-09T16:27:39.248Z] DEBUG: [runtime-status] [14128] Resolved module firebase-functions {"declared":true,"installed":true,"version":"3.7.0","resolution":"C:\\Users\\Kareem Soufan\\Documents\\TechPoint S.O.S\\telehealth09-app\\functions\\node_modules\\firebase-functions\\lib\\index.js"}
[debug] [2020-07-09T16:27:39.315Z] DEBUG: [runtime-status] [14128] Checked functions.config() {"config":{}}
[debug] [2020-07-09T16:27:39.315Z] DEBUG: [runtime-status] [14128] firebase-functions has been stubbed. {"functionsResolution":{"declared":true,"installed":true,"version":"3.7.0","resolution":"C:\\Users\\Kareem Soufan\\Documents\\TechPoint S.O.S\\telehealth09-app\\functions\\node_modules\\firebase-functions\\lib\\index.js"}}
[debug] [2020-07-09T16:27:39.316Z] DEBUG: [runtime-status] [14128] Resolved module firebase-functions {"declared":true,"installed":true,"version":"3.7.0","resolution":"C:\\Users\\Kareem Soufan\\Documents\\TechPoint S.O.S\\telehealth09-app\\functions\\node_modules\\firebase-functions\\lib\\index.js"}
[debug] [2020-07-09T16:27:39.317Z] DEBUG: [runtime-status] [14128] Resolved module firebase-admin {"declared":true,"installed":true,"version":"8.13.0","resolution":"C:\\Users\\Kareem Soufan\\Documents\\TechPoint S.O.S\\telehealth09-app\\functions\\node_modules\\firebase-admin\\lib\\index.js"}
[debug] [2020-07-09T16:27:39.318Z] DEBUG: [runtime-status] [14128] Resolved module firebase-functions {"declared":true,"installed":true,"version":"3.7.0","resolution":"C:\\Users\\Kareem Soufan\\Documents\\TechPoint S.O.S\\telehealth09-app\\functions\\node_modules\\firebase-functions\\lib\\index.js"}
[debug] [2020-07-09T16:27:39.319Z] DEBUG: [runtime-status] [14128] firebase-admin has been stubbed. {"adminResolution":{"declared":true,"installed":true,"version":"8.13.0","resolution":"C:\\Users\\Kareem Soufan\\Documents\\TechPoint S.O.S\\telehealth09-app\\functions\\node_modules\\firebase-admin\\lib\\index.js"}}
[debug] [2020-07-09T16:27:39.323Z] [functions[helloWorld]] http function initialized (http://localhost:5000/telehealth09-app/us-central1/helloWorld).
[info] i  functions: Loaded functions: helloWorld 
[warn] !  functions: The following emulators are not running, calls to these services will affect production: firestore, database, pubsub 
[debug] [2020-07-09T16:27:39.338Z] DEBUG: [worker-~diagnostic~-894a492a-59ce-4473-b90b-50f5722a0c51]: IDLE
